<?xml version="1.0" encoding="UTF-8"?>
<!-- Generated by org.testng.reporters.JUnitXMLReporter -->
<testsuite ignored="2" hostname="DESKTOP-B0V1RRR" failures="0" tests="3" name="My_Group" time="0.064" errors="0" timestamp="2023-09-06T20:32:35 IST">
  <testcase classname="Asserations.Grouping_Demo" name="LoginByEmail" time="0.009"/>
  <testcase classname="Asserations.Grouping_Demo" name="LoginByWhatsApp" time="0.001"/>
  <testcase classname="Asserations.Grouping_Demo" name="LoginByInstagram" time="0.001"/>
  <testcase classname="Asserations.Grouping_Demo" name="LoginByFacebook" time="0.0">
    <ignored/>
  </testcase> <!-- LoginByFacebook -->
  <testcase classname="Asserations.Grouping_Demo" name="LoginBySnapchat" time="0.0">
    <ignored/>
  </testcase> <!-- LoginBySnapchat -->
</testsuite> <!-- My_Group -->
