<?xml version="1.0" encoding="UTF-8"?>
<testng-results ignored="0" total="1" passed="1" failed="0" skipped="0">
  <reporter-output>
  </reporter-output>
  <suite started-at="2023-09-14T19:48:57 IST" name="Default suite" finished-at="2023-09-14T19:49:01 IST" duration-ms="4032">
    <groups>
    </groups>
    <test started-at="2023-09-14T19:48:57 IST" name="Default test" finished-at="2023-09-14T19:49:01 IST" duration-ms="4032">
      <class name="Asserations.Data_Providing_To_Method_Using_Assertions">
        <test-method signature="setup()[pri:0, instance:Asserations.Data_Providing_To_Method_Using_Assertions@1d296da]" started-at="2023-09-14T19:48:57 IST" name="setup" finished-at="2023-09-14T19:49:01 IST" duration-ms="3984" status="PASS">
          <reporter-output>
          </reporter-output>
        </test-method> <!-- setup -->
      </class> <!-- Asserations.Data_Providing_To_Method_Using_Assertions -->
    </test> <!-- Default test -->
  </suite> <!-- Default suite -->
</testng-results>
